<?xml version="1.0" encoding="UTF-8"?>
<!-- Generated by org.testng.reporters.JUnitReportReporter -->
<testsuite hostname="Anupam" failures="0" tests="1" name="com.validation.StaticValidation" time="3.427" errors="0" timestamp="5 Sep 2022 07:51:57 GMT">
  <testcase classname="com.validation.StaticValidation" name="staticValidation" time="3.427"/>
</testsuite> <!-- com.validation.StaticValidation -->
