<?xml version="1.0" encoding="UTF-8"?>
<!-- Generated by org.testng.reporters.JUnitReportReporter -->
<testsuite hostname="Anupam" failures="0" tests="1" name="CrudOperationWithoutBDD.PutOneProject" time="3.123" errors="0" timestamp="1 Sep 2022 12:18:10 GMT">
  <testcase classname="CrudOperationWithoutBDD.PutOneProject" name="putproject" time="3.123"/>
</testsuite> <!-- CrudOperationWithoutBDD.PutOneProject -->
