<?xml version="1.0" encoding="UTF-8"?>
<!-- Generated by org.testng.reporters.JUnitReportReporter -->
<testsuite hostname="Anupam" failures="0" tests="1" name="com.CrudOperationWithBDD.GetAllResourceBdd" time="2.921" errors="0" timestamp="2022-09-07T15:08:59 IST" skipped="0">
  <testcase classname="com.CrudOperationWithBDD.GetAllResourceBdd" name="getAllResource" time="2.921"/>
  <system-out/>
</testsuite> <!-- com.CrudOperationWithBDD.GetAllResourceBdd -->
