<?xml version="1.0" encoding="UTF-8"?>
<!-- Generated by org.testng.reporters.JUnitReportReporter -->
<testsuite hostname="Anupam" failures="0" tests="1" name="com.parameters.QueryParameter" time="3.403" errors="0" timestamp="6 Sep 2022 06:42:01 GMT">
  <testcase classname="com.parameters.QueryParameter" name="queryParam" time="3.403"/>
</testsuite> <!-- com.parameters.QueryParameter -->
