<?xml version="1.0" encoding="UTF-8"?>
<!-- Generated by org.testng.reporters.JUnitReportReporter -->
<testsuite hostname="Anupam" failures="0" tests="1" name="com.validation.DynamicValidation" time="3.907" errors="0" timestamp="5 Sep 2022 07:52:40 GMT">
  <testcase classname="com.validation.DynamicValidation" name="dynamicobjectValidation" time="3.907"/>
</testsuite> <!-- com.validation.DynamicValidation -->
