<?xml version="1.0" encoding="UTF-8"?>
<!-- Generated by org.testng.reporters.JUnitReportReporter -->
<testsuite hostname="Anupam" failures="0" tests="1" name="com.reqresAssignment.Reqresget" time="3.185" errors="0" timestamp="5 Sep 2022 05:59:07 GMT">
  <testcase classname="com.reqresAssignment.Reqresget" name="getdata" time="3.185"/>
</testsuite> <!-- com.reqresAssignment.Reqresget -->
