<?xml version="1.0" encoding="UTF-8"?>
<!-- Generated by org.testng.reporters.JUnitReportReporter -->
<testsuite hostname="Anupam" failures="0" tests="1" name="com.CrudOperationWithBDD.UpdateResourceBDD" time="3.384" errors="0" timestamp="4 Sep 2022 12:07:09 GMT">
  <testcase classname="com.CrudOperationWithBDD.UpdateResourceBDD" name="updateResource" time="3.384"/>
</testsuite> <!-- com.CrudOperationWithBDD.UpdateResourceBDD -->
