<?xml version="1.0" encoding="UTF-8"?>
<!-- Generated by org.testng.reporters.JUnitReportReporter -->
<testsuite hostname="Anupam" failures="0" tests="1" name="CrudOperationWithoutBDD.GetAllProject" time="2.596" errors="0" timestamp="5 Sep 2022 07:51:12 GMT">
  <testcase classname="CrudOperationWithoutBDD.GetAllProject" name="getAllProject" time="2.596"/>
</testsuite> <!-- CrudOperationWithoutBDD.GetAllProject -->
