<?xml version="1.0" encoding="UTF-8"?>
<!-- Generated by org.testng.reporters.JUnitReportReporter -->
<testsuite hostname="Anupam" failures="0" tests="1" name="com.requestChaining.RequestChainPostDelete" time="4.096" errors="0" timestamp="5 Sep 2022 12:34:09 GMT">
  <testcase classname="com.requestChaining.RequestChainPostDelete" name="rqstchainnDeletePost" time="4.096"/>
</testsuite> <!-- com.requestChaining.RequestChainPostDelete -->
