<?xml version="1.0" encoding="UTF-8"?>
<!-- Generated by org.testng.reporters.JUnitReportReporter -->
<testsuite hostname="Anupam" failures="0" tests="1" name="com.authentication.PremitiveAuth" time="2.917" errors="0" timestamp="6 Sep 2022 07:06:57 GMT">
  <testcase classname="com.authentication.PremitiveAuth" name="premitiveeAuthent" time="2.917"/>
</testsuite> <!-- com.authentication.PremitiveAuth -->
