<?xml version="1.0" encoding="UTF-8"?>
<!-- Generated by org.testng.reporters.JUnitReportReporter -->
<testsuite hostname="Anupam" failures="0" tests="1" name="com.parameters.BearerTokenTest" time="4.019" errors="0" timestamp="6 Sep 2022 07:28:26 GMT">
  <testcase classname="com.parameters.BearerTokenTest" name="authenticationBearerToken" time="4.019"/>
</testsuite> <!-- com.parameters.BearerTokenTest -->
