<?xml version="1.0" encoding="UTF-8"?>
<!-- Generated by org.testng.reporters.JUnitReportReporter -->
<testsuite hostname="Anupam" failures="0" tests="1" name="com.authentication.BaseAuth" time="3.590" errors="0" timestamp="6 Sep 2022 06:51:31 GMT">
  <testcase classname="com.authentication.BaseAuth" name="basicAuth" time="3.590"/>
</testsuite> <!-- com.authentication.BaseAuth -->
