<?xml version="1.0" encoding="UTF-8"?>
<!-- Generated by org.testng.reporters.JUnitReportReporter -->
<testsuite hostname="Anupam" failures="0" tests="4" name="crm.DifferentWayOfPOSTMethod.PostMethodUsingDataprovider" time="3.846" errors="0" timestamp="4 Sep 2022 16:28:48 GMT">
  <testcase classname="crm.DifferentWayOfPOSTMethod.PostMethodUsingDataprovider" name="create" time="0.065"/>
  <testcase classname="crm.DifferentWayOfPOSTMethod.PostMethodUsingDataprovider" name="create" time="0.066"/>
  <testcase classname="crm.DifferentWayOfPOSTMethod.PostMethodUsingDataprovider" name="create" time="3.652"/>
  <testcase classname="crm.DifferentWayOfPOSTMethod.PostMethodUsingDataprovider" name="create" time="0.063"/>
</testsuite> <!-- crm.DifferentWayOfPOSTMethod.PostMethodUsingDataprovider -->
