<?xml version="1.0" encoding="UTF-8"?>
<!-- Generated by org.testng.reporters.JUnitReportReporter -->
<testsuite hostname="Anupam" failures="0" tests="1" name="CrudOperationWithoutBDD.DeleteProject" time="2.467" errors="0" timestamp="1 Sep 2022 12:29:10 GMT">
  <testcase classname="CrudOperationWithoutBDD.DeleteProject" name="delete" time="2.467"/>
</testsuite> <!-- CrudOperationWithoutBDD.DeleteProject -->
