<?xml version="1.0" encoding="UTF-8"?>
<!-- Generated by org.testng.reporters.JUnitReportReporter -->
<testsuite hostname="Anupam" failures="0" tests="1" name="com.requestChaining.RequestChainPostGet" time="4.304" errors="0" timestamp="5 Sep 2022 11:43:54 GMT">
  <testcase classname="com.requestChaining.RequestChainPostGet" name="rqstchainPostGet" time="4.304"/>
</testsuite> <!-- com.requestChaining.RequestChainPostGet -->
