<?xml version="1.0" encoding="UTF-8"?>
<!-- Generated by org.testng.reporters.JUnitReportReporter -->
<testsuite hostname="Anupam" failures="0" tests="1" name="com.CrudOperationWithBDD.DeleteResourceBDD" time="2.529" errors="0" timestamp="4 Sep 2022 12:13:05 GMT">
  <testcase classname="com.CrudOperationWithBDD.DeleteResourceBDD" name="deleteResource" time="2.529"/>
</testsuite> <!-- com.CrudOperationWithBDD.DeleteResourceBDD -->
