<?xml version="1.0" encoding="UTF-8"?>
<!-- Generated by org.testng.reporters.JUnitReportReporter -->
<testsuite hostname="Anupam" failures="0" tests="1" name="com.reqresAssignment.AddProjectVerifyDataBase" time="5.157" errors="0" timestamp="5 Sep 2022 05:56:01 GMT">
  <testcase classname="com.reqresAssignment.AddProjectVerifyDataBase" name="projectofReqress" time="5.157"/>
</testsuite> <!-- com.reqresAssignment.AddProjectVerifyDataBase -->
