<?xml version="1.0" encoding="UTF-8"?>
<!-- Generated by org.testng.reporters.JUnitReportReporter -->
<testsuite hostname="Anupam" failures="0" tests="1" name="crm.DifferentWayOfPOSTMethod.createthroughcsvfile" time="2.722" errors="0" timestamp="4 Sep 2022 16:39:21 GMT">
  <testcase classname="crm.DifferentWayOfPOSTMethod.createthroughcsvfile" name="csvpost" time="2.722"/>
</testsuite> <!-- crm.DifferentWayOfPOSTMethod.createthroughcsvfile -->
