<?xml version="1.0" encoding="UTF-8"?>
<!-- Generated by org.testng.reporters.JUnitReportReporter -->
<testsuite hostname="Anupam" failures="0" tests="1" name="com.requestChaining.RequestChainPostPutDelete" time="4.182" errors="0" timestamp="5 Sep 2022 21:37:02 GMT">
  <testcase classname="com.requestChaining.RequestChainPostPutDelete" name="allcrudmethod" time="4.182"/>
</testsuite> <!-- com.requestChaining.RequestChainPostPutDelete -->
