<?xml version="1.0" encoding="UTF-8"?>
<!-- Generated by org.testng.reporters.JUnitReportReporter -->
<testsuite hostname="Anupam" failures="0" tests="1" name="CrudOperationWithoutBDD.AddProject" time="3.163" errors="0" timestamp="1 Sep 2022 11:24:55 GMT">
  <testcase classname="CrudOperationWithoutBDD.AddProject" name="Create" time="3.163"/>
</testsuite> <!-- CrudOperationWithoutBDD.AddProject -->
