<?xml version="1.0" encoding="UTF-8"?>
<!-- Generated by org.testng.reporters.JUnitReportReporter -->
<testsuite hostname="Anupam" failures="0" tests="1" name="com.authentication.OauthadvanceAuthentication" time="5.610" errors="0" timestamp="6 Sep 2022 10:10:33 GMT">
  <testcase classname="com.authentication.OauthadvanceAuthentication" name="oauthAuthentication" time="5.610"/>
</testsuite> <!-- com.authentication.OauthadvanceAuthentication -->
