<?xml version="1.0" encoding="UTF-8"?>
<!-- Generated by org.testng.reporters.JUnitReportReporter -->
<testsuite hostname="Anupam" failures="0" tests="1" name="com.requestChaining.RequestChainGetDelete" time="3.852" errors="0" timestamp="5 Sep 2022 18:01:05 GMT">
  <testcase classname="com.requestChaining.RequestChainGetDelete" name="getDeleteRqstChain" time="3.852"/>
</testsuite> <!-- com.requestChaining.RequestChainGetDelete -->
