<?xml version="1.0" encoding="UTF-8"?>
<!-- Generated by org.testng.reporters.JUnitReportReporter -->
<testsuite hostname="Anupam" failures="0" tests="1" name="com.reqresAssignment.PutReqress" time="5.899" errors="0" timestamp="5 Sep 2022 06:08:44 GMT">
  <testcase classname="com.reqresAssignment.PutReqress" name="putreqress" time="5.899"/>
</testsuite> <!-- com.reqresAssignment.PutReqress -->
