<?xml version="1.0" encoding="UTF-8"?>
<!-- Generated by org.testng.reporters.JUnitReportReporter -->
<testsuite hostname="Anupam" failures="0" tests="1" name="com.authentication.BearerTokenTest" time="5.035" errors="0" timestamp="6 Sep 2022 09:24:38 GMT">
  <testcase classname="com.authentication.BearerTokenTest" name="authenticationBearerToken" time="5.035"/>
</testsuite> <!-- com.authentication.BearerTokenTest -->
