<?xml version="1.0" encoding="UTF-8"?>
<!-- Generated by org.testng.reporters.JUnitReportReporter -->
<testsuite hostname="Anupam" failures="0" tests="1" name="com.fullScenarioAutomateWithAPIUsingFramework.CreateDeleteValidate" time="25.848" errors="0" timestamp="2022-09-08T12:45:56 IST" skipped="0">
  <testcase classname="com.fullScenarioAutomateWithAPIUsingFramework.CreateDeleteValidate" name="validateCrudOperation" time="25.848"/>
  <system-out/>
</testsuite> <!-- com.fullScenarioAutomateWithAPIUsingFramework.CreateDeleteValidate -->
