<?xml version="1.0" encoding="UTF-8"?>
<!-- Generated by org.testng.reporters.JUnitReportReporter -->
<testsuite hostname="Anupam" failures="0" tests="1" name="crm.DifferentWayOfPOSTMethod.CreatePOSTUsingjsonfile" time="2.850" errors="0" timestamp="4 Sep 2022 16:29:36 GMT">
  <testcase classname="crm.DifferentWayOfPOSTMethod.CreatePOSTUsingjsonfile" name="jsonFileImport" time="2.850"/>
</testsuite> <!-- crm.DifferentWayOfPOSTMethod.CreatePOSTUsingjsonfile -->
