<?xml version="1.0" encoding="UTF-8"?>
<!-- Generated by org.testng.reporters.JUnitReportReporter -->
<testsuite hostname="Anupam" failures="0" tests="1" name="com.authentication.DigestiveAuth" time="3.536" errors="0" timestamp="6 Sep 2022 07:06:34 GMT">
  <testcase classname="com.authentication.DigestiveAuth" name="digesstiveAuth" time="3.536"/>
</testsuite> <!-- com.authentication.DigestiveAuth -->
