<?xml version="1.0" encoding="UTF-8"?>
<!-- Generated by org.testng.reporters.JUnitReportReporter -->
<testsuite hostname="Anupam" failures="0" tests="1" name="com.requestChaining.ValidateWithUIUsingRequestChaining" time="11.985" errors="0" timestamp="5 Sep 2022 21:49:21 GMT">
  <testcase classname="com.requestChaining.ValidateWithUIUsingRequestChaining" name="validUirqstchain" time="11.985"/>
</testsuite> <!-- com.requestChaining.ValidateWithUIUsingRequestChaining -->
