<?xml version="1.0" encoding="UTF-8"?>
<!-- Generated by org.testng.reporters.JUnitReportReporter -->
<testsuite hostname="Anupam" failures="0" tests="1" name="com.validation.TimeValidation" time="3.521" errors="0" timestamp="5 Sep 2022 09:58:20 GMT">
  <testcase classname="com.validation.TimeValidation" name="timevalidForDelete" time="3.521"/>
</testsuite> <!-- com.validation.TimeValidation -->
