<?xml version="1.0" encoding="UTF-8"?>
<!-- Generated by org.testng.reporters.JUnitReportReporter -->
<testsuite hostname="Anupam" failures="0" tests="1" name="com.crudOperationWithFramework.DynamicValidationInFramework" time="6.028" errors="0" timestamp="2022-09-07T15:16:13 IST" skipped="0">
  <testcase classname="com.crudOperationWithFramework.DynamicValidationInFramework" name="validWithFramework" time="6.028"/>
  <system-out/>
</testsuite> <!-- com.crudOperationWithFramework.DynamicValidationInFramework -->
