<?xml version="1.0" encoding="UTF-8"?>
<!-- Generated by org.testng.reporters.JUnitReportReporter -->
<testsuite hostname="Anupam" failures="0" tests="1" name="com.crudOperationWithFramework.PostUsingFramework" time="5.121" errors="0" timestamp="2022-09-07T13:20:01 IST" skipped="0">
  <testcase classname="com.crudOperationWithFramework.PostUsingFramework" name="postFramework" time="5.121"/>
  <system-out/>
</testsuite> <!-- com.crudOperationWithFramework.PostUsingFramework -->
